

Started GET "/" for 127.0.0.1 at 2014-06-03 12:32:04 -0400

ActiveRecord::NoDatabaseError (FATAL:  database "show_sourcing_development" does not exist
Run `$ bin/rake db:create db:migrate` to create your database):
  activerecord (4.1.1) lib/active_record/connection_adapters/postgresql_adapter.rb:891:in `rescue in connect'
  activerecord (4.1.1) lib/active_record/connection_adapters/postgresql_adapter.rb:881:in `connect'
  activerecord (4.1.1) lib/active_record/connection_adapters/postgresql_adapter.rb:568:in `initialize'
  activerecord (4.1.1) lib/active_record/connection_adapters/postgresql_adapter.rb:41:in `new'
  activerecord (4.1.1) lib/active_record/connection_adapters/postgresql_adapter.rb:41:in `postgresql_connection'
  activerecord (4.1.1) lib/active_record/connection_adapters/abstract/connection_pool.rb:435:in `new_connection'
  activerecord (4.1.1) lib/active_record/connection_adapters/abstract/connection_pool.rb:445:in `checkout_new_connection'
  activerecord (4.1.1) lib/active_record/connection_adapters/abstract/connection_pool.rb:416:in `acquire_connection'
  activerecord (4.1.1) lib/active_record/connection_adapters/abstract/connection_pool.rb:351:in `block in checkout'
  /Users/dom/.rbenv/versions/2.1.1/lib/ruby/2.1.0/monitor.rb:211:in `mon_synchronize'
  activerecord (4.1.1) lib/active_record/connection_adapters/abstract/connection_pool.rb:350:in `checkout'
  activerecord (4.1.1) lib/active_record/connection_adapters/abstract/connection_pool.rb:265:in `block in connection'
  /Users/dom/.rbenv/versions/2.1.1/lib/ruby/2.1.0/monitor.rb:211:in `mon_synchronize'
  activerecord (4.1.1) lib/active_record/connection_adapters/abstract/connection_pool.rb:264:in `connection'
  activerecord (4.1.1) lib/active_record/connection_adapters/abstract/connection_pool.rb:541:in `retrieve_connection'
  activerecord (4.1.1) lib/active_record/connection_handling.rb:113:in `retrieve_connection'
  activerecord (4.1.1) lib/active_record/connection_handling.rb:87:in `connection'
  activerecord (4.1.1) lib/active_record/migration.rb:388:in `check_pending!'
  activerecord (4.1.1) lib/active_record/migration.rb:377:in `call'
  actionpack (4.1.1) lib/action_dispatch/middleware/callbacks.rb:29:in `block in call'
  activesupport (4.1.1) lib/active_support/callbacks.rb:82:in `run_callbacks'
  actionpack (4.1.1) lib/action_dispatch/middleware/callbacks.rb:27:in `call'
  actionpack (4.1.1) lib/action_dispatch/middleware/reloader.rb:73:in `call'
  actionpack (4.1.1) lib/action_dispatch/middleware/remote_ip.rb:76:in `call'
  actionpack (4.1.1) lib/action_dispatch/middleware/debug_exceptions.rb:17:in `call'
  actionpack (4.1.1) lib/action_dispatch/middleware/show_exceptions.rb:30:in `call'
  railties (4.1.1) lib/rails/rack/logger.rb:38:in `call_app'
  railties (4.1.1) lib/rails/rack/logger.rb:20:in `block in call'
  activesupport (4.1.1) lib/active_support/tagged_logging.rb:68:in `block in tagged'
  activesupport (4.1.1) lib/active_support/tagged_logging.rb:26:in `tagged'
  activesupport (4.1.1) lib/active_support/tagged_logging.rb:68:in `tagged'
  railties (4.1.1) lib/rails/rack/logger.rb:20:in `call'
  actionpack (4.1.1) lib/action_dispatch/middleware/request_id.rb:21:in `call'
  rack (1.5.2) lib/rack/methodoverride.rb:21:in `call'
  rack (1.5.2) lib/rack/runtime.rb:17:in `call'
  activesupport (4.1.1) lib/active_support/cache/strategy/local_cache_middleware.rb:26:in `call'
  rack (1.5.2) lib/rack/lock.rb:17:in `call'
  actionpack (4.1.1) lib/action_dispatch/middleware/static.rb:64:in `call'
  rack (1.5.2) lib/rack/sendfile.rb:112:in `call'
  railties (4.1.1) lib/rails/engine.rb:514:in `call'
  railties (4.1.1) lib/rails/application.rb:144:in `call'
  rack (1.5.2) lib/rack/lock.rb:17:in `call'
  rack (1.5.2) lib/rack/content_length.rb:14:in `call'
  rack (1.5.2) lib/rack/handler/webrick.rb:60:in `service'
  /Users/dom/.rbenv/versions/2.1.1/lib/ruby/2.1.0/webrick/httpserver.rb:138:in `service'
  /Users/dom/.rbenv/versions/2.1.1/lib/ruby/2.1.0/webrick/httpserver.rb:94:in `run'
  /Users/dom/.rbenv/versions/2.1.1/lib/ruby/2.1.0/webrick/server.rb:295:in `block in start_thread'


  Rendered /Users/dom/.rbenv/versions/2.1.1/lib/ruby/gems/2.1.0/gems/actionpack-4.1.1/lib/action_dispatch/middleware/templates/rescues/_source.erb (0.7ms)
  Rendered /Users/dom/.rbenv/versions/2.1.1/lib/ruby/gems/2.1.0/gems/actionpack-4.1.1/lib/action_dispatch/middleware/templates/rescues/_trace.html.erb (2.1ms)
  Rendered /Users/dom/.rbenv/versions/2.1.1/lib/ruby/gems/2.1.0/gems/actionpack-4.1.1/lib/action_dispatch/middleware/templates/rescues/_request_and_response.html.erb (1.1ms)
  Rendered /Users/dom/.rbenv/versions/2.1.1/lib/ruby/gems/2.1.0/gems/actionpack-4.1.1/lib/action_dispatch/middleware/templates/rescues/diagnostics.erb within rescues/layout (29.2ms)
  [1m[36m (3.2ms)[0m  [1mCREATE TABLE "schema_migrations" ("version" character varying(255) NOT NULL) [0m
  [1m[35m (1.9ms)[0m  CREATE UNIQUE INDEX  "unique_schema_migrations" ON "schema_migrations"  ("version")
  [1m[36mActiveRecord::SchemaMigration Load (0.5ms)[0m  [1mSELECT "schema_migrations".* FROM "schema_migrations"[0m
Migrating to CreateNetworks (20140529151123)
  [1m[35m (0.2ms)[0m  BEGIN
  [1m[36m (6.1ms)[0m  [1mCREATE TABLE "networks" ("id" serial primary key, "name" character varying(255), "image" character varying(255), "created_at" timestamp, "updated_at" timestamp) [0m
  [1m[35mSQL (0.4ms)[0m  INSERT INTO "schema_migrations" ("version") VALUES ($1)  [["version", "20140529151123"]]
  [1m[36m (0.5ms)[0m  [1mCOMMIT[0m
Migrating to CreateShows (20140529153007)
  [1m[35m (0.4ms)[0m  BEGIN
  [1m[36m (5.4ms)[0m  [1mCREATE TABLE "shows" ("id" serial primary key, "name" character varying(255), "network_id" integer, "hulu" boolean, "netflix" boolean, "itunes" decimal(5,2), "amazon" decimal(5,2), "created_at" timestamp, "updated_at" timestamp) [0m
  [1m[35m (1.5ms)[0m  CREATE  INDEX  "index_shows_on_network_id" ON "shows"  ("network_id")
  [1m[36mSQL (0.3ms)[0m  [1mINSERT INTO "schema_migrations" ("version") VALUES ($1)[0m  [["version", "20140529153007"]]
  [1m[35m (0.6ms)[0m  COMMIT
Migrating to CreateUsers (20140603163019)
  [1m[36m (0.4ms)[0m  [1mBEGIN[0m
  [1m[35m (6.2ms)[0m  CREATE TABLE "users" ("id" serial primary key, "email" character varying(255), "password_digest" character varying(255), "created_at" timestamp, "updated_at" timestamp) 
  [1m[36mSQL (0.2ms)[0m  [1mINSERT INTO "schema_migrations" ("version") VALUES ($1)[0m  [["version", "20140603163019"]]
  [1m[35m (0.5ms)[0m  COMMIT
  [1m[36mActiveRecord::SchemaMigration Load (0.3ms)[0m  [1mSELECT "schema_migrations".* FROM "schema_migrations"[0m


Started GET "/" for 127.0.0.1 at 2014-06-03 12:32:41 -0400
  [1m[36mActiveRecord::SchemaMigration Load (0.8ms)[0m  [1mSELECT "schema_migrations".* FROM "schema_migrations"[0m
Processing by HomeController#index as HTML
  Rendered home/index.html.erb within layouts/application (1.4ms)
  Rendered layouts/_flash.html.erb (0.6ms)
Completed 200 OK in 2059ms (Views: 2044.0ms | ActiveRecord: 0.0ms)


Started GET "/assets/calculation.css?body=1" for 127.0.0.1 at 2014-06-03 12:32:43 -0400


Started GET "/assets/home.css?body=1" for 127.0.0.1 at 2014-06-03 12:32:43 -0400


Started GET "/assets/networks.css?body=1" for 127.0.0.1 at 2014-06-03 12:32:43 -0400


Started GET "/assets/scaffolds.css?body=1" for 127.0.0.1 at 2014-06-03 12:32:43 -0400


Started GET "/assets/shows.css?body=1" for 127.0.0.1 at 2014-06-03 12:32:43 -0400


Started GET "/assets/application.css?body=1" for 127.0.0.1 at 2014-06-03 12:32:43 -0400


Started GET "/assets/bootstrap.css?body=1" for 127.0.0.1 at 2014-06-03 12:32:43 -0400


Started GET "/assets/jquery/jquery.js?body=1" for 127.0.0.1 at 2014-06-03 12:32:43 -0400


Started GET "/assets/jquery.js?body=1" for 127.0.0.1 at 2014-06-03 12:32:43 -0400


Started GET "/assets/jquery_ujs.js?body=1" for 127.0.0.1 at 2014-06-03 12:32:43 -0400


Started GET "/assets/bootstrap/bootstrap.js?body=1" for 127.0.0.1 at 2014-06-03 12:32:43 -0400


Started GET "/assets/bootstrap.js?body=1" for 127.0.0.1 at 2014-06-03 12:32:43 -0400


Started GET "/assets/turbolinks.js?body=1" for 127.0.0.1 at 2014-06-03 12:32:43 -0400


Started GET "/assets/calculation.js?body=1" for 127.0.0.1 at 2014-06-03 12:32:43 -0400


Started GET "/assets/home.js?body=1" for 127.0.0.1 at 2014-06-03 12:32:43 -0400


Started GET "/assets/networks.js?body=1" for 127.0.0.1 at 2014-06-03 12:32:43 -0400


Started GET "/assets/shows.js?body=1" for 127.0.0.1 at 2014-06-03 12:32:43 -0400


Started GET "/assets/application.js?body=1" for 127.0.0.1 at 2014-06-03 12:32:43 -0400


Started GET "/networks" for 127.0.0.1 at 2014-06-03 12:32:49 -0400
Processing by NetworksController#index as HTML
  Rendered networks/index.html.erb within layouts/application (0.8ms)
Completed 500 Internal Server Error in 13ms

SyntaxError (/Users/dom/Documents/CableBlade/app/views/networks/index.html.erb:8: syntax error, unexpected ',', expecting ')'
...end=( image_tag(network.image), class: "center-block" );@out...
...                               ^):
  actionview (4.1.1) lib/action_view/template.rb:297:in `module_eval'
  actionview (4.1.1) lib/action_view/template.rb:297:in `compile'
  actionview (4.1.1) lib/action_view/template.rb:245:in `block (2 levels) in compile!'
  activesupport (4.1.1) lib/active_support/notifications.rb:161:in `instrument'
  actionview (4.1.1) lib/action_view/template.rb:339:in `instrument'
  actionview (4.1.1) lib/action_view/template.rb:244:in `block in compile!'
  actionview (4.1.1) lib/action_view/template.rb:232:in `synchronize'
  actionview (4.1.1) lib/action_view/template.rb:232:in `compile!'
  actionview (4.1.1) lib/action_view/template.rb:144:in `block in render'
  activesupport (4.1.1) lib/active_support/notifications.rb:161:in `instrument'
  actionview (4.1.1) lib/action_view/template.rb:339:in `instrument'
  actionview (4.1.1) lib/action_view/template.rb:143:in `render'
  actionview (4.1.1) lib/action_view/renderer/template_renderer.rb:55:in `block (2 levels) in render_template'
  actionview (4.1.1) lib/action_view/renderer/abstract_renderer.rb:38:in `block in instrument'
  activesupport (4.1.1) lib/active_support/notifications.rb:159:in `block in instrument'
  activesupport (4.1.1) lib/active_support/notifications/instrumenter.rb:20:in `instrument'
  activesupport (4.1.1) lib/active_support/notifications.rb:159:in `instrument'
  actionview (4.1.1) lib/action_view/renderer/abstract_renderer.rb:38:in `instrument'
  actionview (4.1.1) lib/action_view/renderer/template_renderer.rb:54:in `block in render_template'
  actionview (4.1.1) lib/action_view/renderer/template_renderer.rb:62:in `render_with_layout'
  actionview (4.1.1) lib/action_view/renderer/template_renderer.rb:53:in `render_template'
  actionview (4.1.1) lib/action_view/renderer/template_renderer.rb:17:in `render'
  actionview (4.1.1) lib/action_view/renderer/renderer.rb:42:in `render_template'
  actionview (4.1.1) lib/action_view/renderer/renderer.rb:23:in `render'
  actionview (4.1.1) lib/action_view/rendering.rb:99:in `_render_template'
  actionpack (4.1.1) lib/action_controller/metal/streaming.rb:217:in `_render_template'
  actionview (4.1.1) lib/action_view/rendering.rb:82:in `render_to_body'
  actionpack (4.1.1) lib/action_controller/metal/rendering.rb:32:in `render_to_body'
  actionpack (4.1.1) lib/action_controller/metal/renderers.rb:32:in `render_to_body'
  actionpack (4.1.1) lib/abstract_controller/rendering.rb:25:in `render'
  actionpack (4.1.1) lib/action_controller/metal/rendering.rb:16:in `render'
  actionpack (4.1.1) lib/action_controller/metal/instrumentation.rb:41:in `block (2 levels) in render'
  activesupport (4.1.1) lib/active_support/core_ext/benchmark.rb:12:in `block in ms'
  /Users/dom/.rbenv/versions/2.1.1/lib/ruby/2.1.0/benchmark.rb:294:in `realtime'
  activesupport (4.1.1) lib/active_support/core_ext/benchmark.rb:12:in `ms'
  actionpack (4.1.1) lib/action_controller/metal/instrumentation.rb:41:in `block in render'
  actionpack (4.1.1) lib/action_controller/metal/instrumentation.rb:84:in `cleanup_view_runtime'
  activerecord (4.1.1) lib/active_record/railties/controller_runtime.rb:25:in `cleanup_view_runtime'
  actionpack (4.1.1) lib/action_controller/metal/instrumentation.rb:40:in `render'
  actionpack (4.1.1) lib/action_controller/metal/implicit_render.rb:10:in `default_render'
  actionpack (4.1.1) lib/action_controller/metal/implicit_render.rb:5:in `send_action'
  actionpack (4.1.1) lib/abstract_controller/base.rb:189:in `process_action'
  actionpack (4.1.1) lib/action_controller/metal/rendering.rb:10:in `process_action'
  actionpack (4.1.1) lib/abstract_controller/callbacks.rb:20:in `block in process_action'
  activesupport (4.1.1) lib/active_support/callbacks.rb:113:in `call'
  activesupport (4.1.1) lib/active_support/callbacks.rb:113:in `call'
  activesupport (4.1.1) lib/active_support/callbacks.rb:229:in `block in halting'
  activesupport (4.1.1) lib/active_support/callbacks.rb:229:in `call'
  activesupport (4.1.1) lib/active_support/callbacks.rb:229:in `block in halting'
  activesupport (4.1.1) lib/active_support/callbacks.rb:166:in `call'
  activesupport (4.1.1) lib/active_support/callbacks.rb:166:in `block in halting'
  activesupport (4.1.1) lib/active_support/callbacks.rb:166:in `call'
  activesupport (4.1.1) lib/active_support/callbacks.rb:166:in `block in halting'
  activesupport (4.1.1) lib/active_support/callbacks.rb:166:in `call'
  activesupport (4.1.1) lib/active_support/callbacks.rb:166:in `block in halting'
  activesupport (4.1.1) lib/active_support/callbacks.rb:86:in `call'
  activesupport (4.1.1) lib/active_support/callbacks.rb:86:in `run_callbacks'
  actionpack (4.1.1) lib/abstract_controller/callbacks.rb:19:in `process_action'
  actionpack (4.1.1) lib/action_controller/metal/rescue.rb:29:in `process_action'
  actionpack (4.1.1) lib/action_controller/metal/instrumentation.rb:31:in `block in process_action'
  activesupport (4.1.1) lib/active_support/notifications.rb:159:in `block in instrument'
  activesupport (4.1.1) lib/active_support/notifications/instrumenter.rb:20:in `instrument'
  activesupport (4.1.1) lib/active_support/notifications.rb:159:in `instrument'
  actionpack (4.1.1) lib/action_controller/metal/instrumentation.rb:30:in `process_action'
  actionpack (4.1.1) lib/action_controller/metal/params_wrapper.rb:250:in `process_action'
  activerecord (4.1.1) lib/active_record/railties/controller_runtime.rb:18:in `process_action'
  actionpack (4.1.1) lib/abstract_controller/base.rb:136:in `process'
  actionview (4.1.1) lib/action_view/rendering.rb:30:in `process'
  actionpack (4.1.1) lib/action_controller/metal.rb:195:in `dispatch'
  actionpack (4.1.1) lib/action_controller/metal/rack_delegation.rb:13:in `dispatch'
  actionpack (4.1.1) lib/action_controller/metal.rb:231:in `block in action'
  actionpack (4.1.1) lib/action_dispatch/routing/route_set.rb:80:in `call'
  actionpack (4.1.1) lib/action_dispatch/routing/route_set.rb:80:in `dispatch'
  actionpack (4.1.1) lib/action_dispatch/routing/route_set.rb:48:in `call'
  actionpack (4.1.1) lib/action_dispatch/journey/router.rb:71:in `block in call'
  actionpack (4.1.1) lib/action_dispatch/journey/router.rb:59:in `each'
  actionpack (4.1.1) lib/action_dispatch/journey/router.rb:59:in `call'
  actionpack (4.1.1) lib/action_dispatch/routing/route_set.rb:676:in `call'
  rack (1.5.2) lib/rack/etag.rb:23:in `call'
  rack (1.5.2) lib/rack/conditionalget.rb:25:in `call'
  rack (1.5.2) lib/rack/head.rb:11:in `call'
  actionpack (4.1.1) lib/action_dispatch/middleware/params_parser.rb:27:in `call'
  actionpack (4.1.1) lib/action_dispatch/middleware/flash.rb:254:in `call'
  rack (1.5.2) lib/rack/session/abstract/id.rb:225:in `context'
  rack (1.5.2) lib/rack/session/abstract/id.rb:220:in `call'
  actionpack (4.1.1) lib/action_dispatch/middleware/cookies.rb:560:in `call'
  activerecord (4.1.1) lib/active_record/query_cache.rb:36:in `call'
  activerecord (4.1.1) lib/active_record/connection_adapters/abstract/connection_pool.rb:621:in `call'
  activerecord (4.1.1) lib/active_record/migration.rb:380:in `call'
  actionpack (4.1.1) lib/action_dispatch/middleware/callbacks.rb:29:in `block in call'
  activesupport (4.1.1) lib/active_support/callbacks.rb:82:in `run_callbacks'
  actionpack (4.1.1) lib/action_dispatch/middleware/callbacks.rb:27:in `call'
  actionpack (4.1.1) lib/action_dispatch/middleware/reloader.rb:73:in `call'
  actionpack (4.1.1) lib/action_dispatch/middleware/remote_ip.rb:76:in `call'
  actionpack (4.1.1) lib/action_dispatch/middleware/debug_exceptions.rb:17:in `call'
  actionpack (4.1.1) lib/action_dispatch/middleware/show_exceptions.rb:30:in `call'
  railties (4.1.1) lib/rails/rack/logger.rb:38:in `call_app'
  railties (4.1.1) lib/rails/rack/logger.rb:20:in `block in call'
  activesupport (4.1.1) lib/active_support/tagged_logging.rb:68:in `block in tagged'
  activesupport (4.1.1) lib/active_support/tagged_logging.rb:26:in `tagged'
  activesupport (4.1.1) lib/active_support/tagged_logging.rb:68:in `tagged'
  railties (4.1.1) lib/rails/rack/logger.rb:20:in `call'
  actionpack (4.1.1) lib/action_dispatch/middleware/request_id.rb:21:in `call'
  rack (1.5.2) lib/rack/methodoverride.rb:21:in `call'
  rack (1.5.2) lib/rack/runtime.rb:17:in `call'
  activesupport (4.1.1) lib/active_support/cache/strategy/local_cache_middleware.rb:26:in `call'
  rack (1.5.2) lib/rack/lock.rb:17:in `call'
  actionpack (4.1.1) lib/action_dispatch/middleware/static.rb:64:in `call'
  rack (1.5.2) lib/rack/sendfile.rb:112:in `call'
  railties (4.1.1) lib/rails/engine.rb:514:in `call'
  railties (4.1.1) lib/rails/application.rb:144:in `call'
  rack (1.5.2) lib/rack/lock.rb:17:in `call'
  rack (1.5.2) lib/rack/content_length.rb:14:in `call'
  rack (1.5.2) lib/rack/handler/webrick.rb:60:in `service'
  /Users/dom/.rbenv/versions/2.1.1/lib/ruby/2.1.0/webrick/httpserver.rb:138:in `service'
  /Users/dom/.rbenv/versions/2.1.1/lib/ruby/2.1.0/webrick/httpserver.rb:94:in `run'
  /Users/dom/.rbenv/versions/2.1.1/lib/ruby/2.1.0/webrick/server.rb:295:in `block in start_thread'


  Rendered /Users/dom/.rbenv/versions/2.1.1/lib/ruby/gems/2.1.0/gems/actionpack-4.1.1/lib/action_dispatch/middleware/templates/rescues/_source.erb (0.5ms)
  Rendered /Users/dom/.rbenv/versions/2.1.1/lib/ruby/gems/2.1.0/gems/actionpack-4.1.1/lib/action_dispatch/middleware/templates/rescues/_trace.html.erb (1.3ms)
  Rendered /Users/dom/.rbenv/versions/2.1.1/lib/ruby/gems/2.1.0/gems/actionpack-4.1.1/lib/action_dispatch/middleware/templates/rescues/_request_and_response.html.erb (0.9ms)
  Rendered /Users/dom/.rbenv/versions/2.1.1/lib/ruby/gems/2.1.0/gems/actionpack-4.1.1/lib/action_dispatch/middleware/templates/rescues/diagnostics.erb within rescues/layout (17.3ms)


Started GET "/networks" for 127.0.0.1 at 2014-06-03 12:32:49 -0400
Processing by NetworksController#index as HTML
  Rendered networks/index.html.erb within layouts/application (0.7ms)
Completed 500 Internal Server Error in 2ms

SyntaxError (/Users/dom/Documents/CableBlade/app/views/networks/index.html.erb:8: syntax error, unexpected ',', expecting ')'
...end=( image_tag(network.image), class: "center-block" );@out...
...                               ^):
  actionview (4.1.1) lib/action_view/template.rb:297:in `module_eval'
  actionview (4.1.1) lib/action_view/template.rb:297:in `compile'
  actionview (4.1.1) lib/action_view/template.rb:245:in `block (2 levels) in compile!'
  activesupport (4.1.1) lib/active_support/notifications.rb:161:in `instrument'
  actionview (4.1.1) lib/action_view/template.rb:339:in `instrument'
  actionview (4.1.1) lib/action_view/template.rb:244:in `block in compile!'
  actionview (4.1.1) lib/action_view/template.rb:232:in `synchronize'
  actionview (4.1.1) lib/action_view/template.rb:232:in `compile!'
  actionview (4.1.1) lib/action_view/template.rb:144:in `block in render'
  activesupport (4.1.1) lib/active_support/notifications.rb:161:in `instrument'
  actionview (4.1.1) lib/action_view/template.rb:339:in `instrument'
  actionview (4.1.1) lib/action_view/template.rb:143:in `render'
  actionview (4.1.1) lib/action_view/renderer/template_renderer.rb:55:in `block (2 levels) in render_template'
  actionview (4.1.1) lib/action_view/renderer/abstract_renderer.rb:38:in `block in instrument'
  activesupport (4.1.1) lib/active_support/notifications.rb:159:in `block in instrument'
  activesupport (4.1.1) lib/active_support/notifications/instrumenter.rb:20:in `instrument'
  activesupport (4.1.1) lib/active_support/notifications.rb:159:in `instrument'
  actionview (4.1.1) lib/action_view/renderer/abstract_renderer.rb:38:in `instrument'
  actionview (4.1.1) lib/action_view/renderer/template_renderer.rb:54:in `block in render_template'
  actionview (4.1.1) lib/action_view/renderer/template_renderer.rb:62:in `render_with_layout'
  actionview (4.1.1) lib/action_view/renderer/template_renderer.rb:53:in `render_template'
  actionview (4.1.1) lib/action_view/renderer/template_renderer.rb:17:in `render'
  actionview (4.1.1) lib/action_view/renderer/renderer.rb:42:in `render_template'
  actionview (4.1.1) lib/action_view/renderer/renderer.rb:23:in `render'
  actionview (4.1.1) lib/action_view/rendering.rb:99:in `_render_template'
  actionpack (4.1.1) lib/action_controller/metal/streaming.rb:217:in `_render_template'
  actionview (4.1.1) lib/action_view/rendering.rb:82:in `render_to_body'
  actionpack (4.1.1) lib/action_controller/metal/rendering.rb:32:in `render_to_body'
  actionpack (4.1.1) lib/action_controller/metal/renderers.rb:32:in `render_to_body'
  actionpack (4.1.1) lib/abstract_controller/rendering.rb:25:in `render'
  actionpack (4.1.1) lib/action_controller/metal/rendering.rb:16:in `render'
  actionpack (4.1.1) lib/action_controller/metal/instrumentation.rb:41:in `block (2 levels) in render'
  activesupport (4.1.1) lib/active_support/core_ext/benchmark.rb:12:in `block in ms'
  /Users/dom/.rbenv/versions/2.1.1/lib/ruby/2.1.0/benchmark.rb:294:in `realtime'
  activesupport (4.1.1) lib/active_support/core_ext/benchmark.rb:12:in `ms'
  actionpack (4.1.1) lib/action_controller/metal/instrumentation.rb:41:in `block in render'
  actionpack (4.1.1) lib/action_controller/metal/instrumentation.rb:84:in `cleanup_view_runtime'
  activerecord (4.1.1) lib/active_record/railties/controller_runtime.rb:25:in `cleanup_view_runtime'
  actionpack (4.1.1) lib/action_controller/metal/instrumentation.rb:40:in `render'
  actionpack (4.1.1) lib/action_controller/metal/implicit_render.rb:10:in `default_render'
  actionpack (4.1.1) lib/action_controller/metal/implicit_render.rb:5:in `send_action'
  actionpack (4.1.1) lib/abstract_controller/base.rb:189:in `process_action'
  actionpack (4.1.1) lib/action_controller/metal/rendering.rb:10:in `process_action'
  actionpack (4.1.1) lib/abstract_controller/callbacks.rb:20:in `block in process_action'
  activesupport (4.1.1) lib/active_support/callbacks.rb:113:in `call'
  activesupport (4.1.1) lib/active_support/callbacks.rb:113:in `call'
  activesupport (4.1.1) lib/active_support/callbacks.rb:229:in `block in halting'
  activesupport (4.1.1) lib/active_support/callbacks.rb:229:in `call'
  activesupport (4.1.1) lib/active_support/callbacks.rb:229:in `block in halting'
  activesupport (4.1.1) lib/active_support/callbacks.rb:166:in `call'
  activesupport (4.1.1) lib/active_support/callbacks.rb:166:in `block in halting'
  activesupport (4.1.1) lib/active_support/callbacks.rb:166:in `call'
  activesupport (4.1.1) lib/active_support/callbacks.rb:166:in `block in halting'
  activesupport (4.1.1) lib/active_support/callbacks.rb:166:in `call'
  activesupport (4.1.1) lib/active_support/callbacks.rb:166:in `block in halting'
  activesupport (4.1.1) lib/active_support/callbacks.rb:86:in `call'
  activesupport (4.1.1) lib/active_support/callbacks.rb:86:in `run_callbacks'
  actionpack (4.1.1) lib/abstract_controller/callbacks.rb:19:in `process_action'
  actionpack (4.1.1) lib/action_controller/metal/rescue.rb:29:in `process_action'
  actionpack (4.1.1) lib/action_controller/metal/instrumentation.rb:31:in `block in process_action'
  activesupport (4.1.1) lib/active_support/notifications.rb:159:in `block in instrument'
  activesupport (4.1.1) lib/active_support/notifications/instrumenter.rb:20:in `instrument'
  activesupport (4.1.1) lib/active_support/notifications.rb:159:in `instrument'
  actionpack (4.1.1) lib/action_controller/metal/instrumentation.rb:30:in `process_action'
  actionpack (4.1.1) lib/action_controller/metal/params_wrapper.rb:250:in `process_action'
  activerecord (4.1.1) lib/active_record/railties/controller_runtime.rb:18:in `process_action'
  actionpack (4.1.1) lib/abstract_controller/base.rb:136:in `process'
  actionview (4.1.1) lib/action_view/rendering.rb:30:in `process'
  actionpack (4.1.1) lib/action_controller/metal.rb:195:in `dispatch'
  actionpack (4.1.1) lib/action_controller/metal/rack_delegation.rb:13:in `dispatch'
  actionpack (4.1.1) lib/action_controller/metal.rb:231:in `block in action'
  actionpack (4.1.1) lib/action_dispatch/routing/route_set.rb:80:in `call'
  actionpack (4.1.1) lib/action_dispatch/routing/route_set.rb:80:in `dispatch'
  actionpack (4.1.1) lib/action_dispatch/routing/route_set.rb:48:in `call'
  actionpack (4.1.1) lib/action_dispatch/journey/router.rb:71:in `block in call'
  actionpack (4.1.1) lib/action_dispatch/journey/router.rb:59:in `each'
  actionpack (4.1.1) lib/action_dispatch/journey/router.rb:59:in `call'
  actionpack (4.1.1) lib/action_dispatch/routing/route_set.rb:676:in `call'
  rack (1.5.2) lib/rack/etag.rb:23:in `call'
  rack (1.5.2) lib/rack/conditionalget.rb:25:in `call'
  rack (1.5.2) lib/rack/head.rb:11:in `call'
  actionpack (4.1.1) lib/action_dispatch/middleware/params_parser.rb:27:in `call'
  actionpack (4.1.1) lib/action_dispatch/middleware/flash.rb:254:in `call'
  rack (1.5.2) lib/rack/session/abstract/id.rb:225:in `context'
  rack (1.5.2) lib/rack/session/abstract/id.rb:220:in `call'
  actionpack (4.1.1) lib/action_dispatch/middleware/cookies.rb:560:in `call'
  activerecord (4.1.1) lib/active_record/query_cache.rb:36:in `call'
  activerecord (4.1.1) lib/active_record/connection_adapters/abstract/connection_pool.rb:621:in `call'
  activerecord (4.1.1) lib/active_record/migration.rb:380:in `call'
  actionpack (4.1.1) lib/action_dispatch/middleware/callbacks.rb:29:in `block in call'
  activesupport (4.1.1) lib/active_support/callbacks.rb:82:in `run_callbacks'
  actionpack (4.1.1) lib/action_dispatch/middleware/callbacks.rb:27:in `call'
  actionpack (4.1.1) lib/action_dispatch/middleware/reloader.rb:73:in `call'
  actionpack (4.1.1) lib/action_dispatch/middleware/remote_ip.rb:76:in `call'
  actionpack (4.1.1) lib/action_dispatch/middleware/debug_exceptions.rb:17:in `call'
  actionpack (4.1.1) lib/action_dispatch/middleware/show_exceptions.rb:30:in `call'
  railties (4.1.1) lib/rails/rack/logger.rb:38:in `call_app'
  railties (4.1.1) lib/rails/rack/logger.rb:20:in `block in call'
  activesupport (4.1.1) lib/active_support/tagged_logging.rb:68:in `block in tagged'
  activesupport (4.1.1) lib/active_support/tagged_logging.rb:26:in `tagged'
  activesupport (4.1.1) lib/active_support/tagged_logging.rb:68:in `tagged'
  railties (4.1.1) lib/rails/rack/logger.rb:20:in `call'
  actionpack (4.1.1) lib/action_dispatch/middleware/request_id.rb:21:in `call'
  rack (1.5.2) lib/rack/methodoverride.rb:21:in `call'
  rack (1.5.2) lib/rack/runtime.rb:17:in `call'
  activesupport (4.1.1) lib/active_support/cache/strategy/local_cache_middleware.rb:26:in `call'
  rack (1.5.2) lib/rack/lock.rb:17:in `call'
  actionpack (4.1.1) lib/action_dispatch/middleware/static.rb:64:in `call'
  rack (1.5.2) lib/rack/sendfile.rb:112:in `call'
  railties (4.1.1) lib/rails/engine.rb:514:in `call'
  railties (4.1.1) lib/rails/application.rb:144:in `call'
  rack (1.5.2) lib/rack/lock.rb:17:in `call'
  rack (1.5.2) lib/rack/content_length.rb:14:in `call'
  rack (1.5.2) lib/rack/handler/webrick.rb:60:in `service'
  /Users/dom/.rbenv/versions/2.1.1/lib/ruby/2.1.0/webrick/httpserver.rb:138:in `service'
  /Users/dom/.rbenv/versions/2.1.1/lib/ruby/2.1.0/webrick/httpserver.rb:94:in `run'
  /Users/dom/.rbenv/versions/2.1.1/lib/ruby/2.1.0/webrick/server.rb:295:in `block in start_thread'


  Rendered /Users/dom/.rbenv/versions/2.1.1/lib/ruby/gems/2.1.0/gems/actionpack-4.1.1/lib/action_dispatch/middleware/templates/rescues/_source.erb (0.7ms)
  Rendered /Users/dom/.rbenv/versions/2.1.1/lib/ruby/gems/2.1.0/gems/actionpack-4.1.1/lib/action_dispatch/middleware/templates/rescues/_trace.html.erb (1.1ms)
  Rendered /Users/dom/.rbenv/versions/2.1.1/lib/ruby/gems/2.1.0/gems/actionpack-4.1.1/lib/action_dispatch/middleware/templates/rescues/_request_and_response.html.erb (0.8ms)
  Rendered /Users/dom/.rbenv/versions/2.1.1/lib/ruby/gems/2.1.0/gems/actionpack-4.1.1/lib/action_dispatch/middleware/templates/rescues/diagnostics.erb within rescues/layout (14.9ms)


Started GET "/networks" for 127.0.0.1 at 2014-06-03 12:34:36 -0400
Processing by NetworksController#index as HTML
  [1m[35mNetwork Load (0.7ms)[0m  SELECT "networks".* FROM "networks"
  Rendered networks/index.html.erb within layouts/application (2.2ms)
  Rendered layouts/_flash.html.erb (0.1ms)
Completed 200 OK in 10ms (Views: 8.6ms | ActiveRecord: 0.7ms)


Started GET "/assets/calculation.css?body=1" for 127.0.0.1 at 2014-06-03 12:34:36 -0400


Started GET "/assets/home.css?body=1" for 127.0.0.1 at 2014-06-03 12:34:36 -0400


Started GET "/assets/application.css?body=1" for 127.0.0.1 at 2014-06-03 12:34:36 -0400


Started GET "/assets/scaffolds.css?body=1" for 127.0.0.1 at 2014-06-03 12:34:36 -0400


Started GET "/assets/networks.css?body=1" for 127.0.0.1 at 2014-06-03 12:34:36 -0400


Started GET "/assets/shows.css?body=1" for 127.0.0.1 at 2014-06-03 12:34:36 -0400


Started GET "/assets/bootstrap.css?body=1" for 127.0.0.1 at 2014-06-03 12:34:36 -0400


Started GET "/assets/jquery/jquery.js?body=1" for 127.0.0.1 at 2014-06-03 12:34:36 -0400


Started GET "/assets/jquery.js?body=1" for 127.0.0.1 at 2014-06-03 12:34:36 -0400


Started GET "/assets/jquery_ujs.js?body=1" for 127.0.0.1 at 2014-06-03 12:34:36 -0400


Started GET "/assets/bootstrap/bootstrap.js?body=1" for 127.0.0.1 at 2014-06-03 12:34:36 -0400


Started GET "/assets/bootstrap.js?body=1" for 127.0.0.1 at 2014-06-03 12:34:36 -0400


Started GET "/assets/turbolinks.js?body=1" for 127.0.0.1 at 2014-06-03 12:34:36 -0400


Started GET "/assets/calculation.js?body=1" for 127.0.0.1 at 2014-06-03 12:34:36 -0400


Started GET "/assets/home.js?body=1" for 127.0.0.1 at 2014-06-03 12:34:36 -0400


Started GET "/assets/networks.js?body=1" for 127.0.0.1 at 2014-06-03 12:34:36 -0400


Started GET "/assets/shows.js?body=1" for 127.0.0.1 at 2014-06-03 12:34:36 -0400


Started GET "/assets/application.js?body=1" for 127.0.0.1 at 2014-06-03 12:34:36 -0400


Started GET "/shows?utf8=%E2%9C%93" for 127.0.0.1 at 2014-06-03 12:34:44 -0400
Processing by ShowsController#index as HTML
  Parameters: {"utf8"=>"✓"}
  [1m[36mShow Load (1.0ms)[0m  [1mSELECT "shows".* FROM "shows"[0m
  Rendered shows/index.html.erb within layouts/application (3.2ms)
  Rendered layouts/_flash.html.erb (0.1ms)
Completed 200 OK in 17ms (Views: 11.0ms | ActiveRecord: 1.0ms)


Started GET "/assets/shows.css?body=1" for 127.0.0.1 at 2014-06-03 12:34:44 -0400


Started GET "/assets/home.css?body=1" for 127.0.0.1 at 2014-06-03 12:34:44 -0400


Started GET "/assets/calculation.css?body=1" for 127.0.0.1 at 2014-06-03 12:34:44 -0400


Started GET "/assets/application.css?body=1" for 127.0.0.1 at 2014-06-03 12:34:44 -0400


Started GET "/assets/networks.css?body=1" for 127.0.0.1 at 2014-06-03 12:34:44 -0400


Started GET "/assets/scaffolds.css?body=1" for 127.0.0.1 at 2014-06-03 12:34:45 -0400


Started GET "/assets/bootstrap.css?body=1" for 127.0.0.1 at 2014-06-03 12:34:45 -0400


Started GET "/assets/jquery/jquery.js?body=1" for 127.0.0.1 at 2014-06-03 12:34:45 -0400


Started GET "/assets/jquery.js?body=1" for 127.0.0.1 at 2014-06-03 12:34:45 -0400


Started GET "/assets/jquery_ujs.js?body=1" for 127.0.0.1 at 2014-06-03 12:34:45 -0400


Started GET "/assets/bootstrap/bootstrap.js?body=1" for 127.0.0.1 at 2014-06-03 12:34:45 -0400


Started GET "/assets/bootstrap.js?body=1" for 127.0.0.1 at 2014-06-03 12:34:45 -0400


Started GET "/assets/turbolinks.js?body=1" for 127.0.0.1 at 2014-06-03 12:34:45 -0400


Started GET "/assets/calculation.js?body=1" for 127.0.0.1 at 2014-06-03 12:34:45 -0400


Started GET "/assets/home.js?body=1" for 127.0.0.1 at 2014-06-03 12:34:45 -0400


Started GET "/assets/networks.js?body=1" for 127.0.0.1 at 2014-06-03 12:34:45 -0400


Started GET "/assets/shows.js?body=1" for 127.0.0.1 at 2014-06-03 12:34:45 -0400


Started GET "/assets/application.js?body=1" for 127.0.0.1 at 2014-06-03 12:34:45 -0400


Started GET "/results?utf8=%E2%9C%93" for 127.0.0.1 at 2014-06-03 12:34:46 -0400
Processing by CalculationController#results as HTML
  Parameters: {"utf8"=>"✓"}
Completed 404 Not Found in 3ms

ActiveRecord::RecordNotFound (Couldn't find Show without an ID):
  app/controllers/calculation_controller.rb:3:in `results'


  Rendered /Users/dom/.rbenv/versions/2.1.1/lib/ruby/gems/2.1.0/gems/actionpack-4.1.1/lib/action_dispatch/middleware/templates/rescues/_source.erb (0.7ms)
  Rendered /Users/dom/.rbenv/versions/2.1.1/lib/ruby/gems/2.1.0/gems/actionpack-4.1.1/lib/action_dispatch/middleware/templates/rescues/_trace.html.erb (1.1ms)
  Rendered /Users/dom/.rbenv/versions/2.1.1/lib/ruby/gems/2.1.0/gems/actionpack-4.1.1/lib/action_dispatch/middleware/templates/rescues/_request_and_response.html.erb (1.0ms)
  Rendered /Users/dom/.rbenv/versions/2.1.1/lib/ruby/gems/2.1.0/gems/actionpack-4.1.1/lib/action_dispatch/middleware/templates/rescues/diagnostics.erb within rescues/layout (16.6ms)


Started GET "/" for 127.0.0.1 at 2014-06-03 12:41:43 -0400
Processing by HomeController#index as HTML
  Rendered home/index.html.erb within layouts/application (0.2ms)
  Rendered layouts/_flash.html.erb (0.1ms)
Completed 200 OK in 9ms (Views: 7.9ms | ActiveRecord: 0.0ms)


Started GET "/assets/calculation.css?body=1" for 127.0.0.1 at 2014-06-03 12:41:43 -0400


Started GET "/assets/shows.css?body=1" for 127.0.0.1 at 2014-06-03 12:41:43 -0400


Started GET "/assets/application.css?body=1" for 127.0.0.1 at 2014-06-03 12:41:43 -0400


Started GET "/assets/scaffolds.css?body=1" for 127.0.0.1 at 2014-06-03 12:41:43 -0400


Started GET "/assets/bootstrap.css?body=1" for 127.0.0.1 at 2014-06-03 12:41:43 -0400


Started GET "/assets/networks.css?body=1" for 127.0.0.1 at 2014-06-03 12:41:43 -0400


Started GET "/assets/home.css?body=1" for 127.0.0.1 at 2014-06-03 12:41:43 -0400


Started GET "/assets/jquery/jquery.js?body=1" for 127.0.0.1 at 2014-06-03 12:41:43 -0400


Started GET "/assets/jquery.js?body=1" for 127.0.0.1 at 2014-06-03 12:41:43 -0400


Started GET "/assets/jquery_ujs.js?body=1" for 127.0.0.1 at 2014-06-03 12:41:43 -0400


Started GET "/assets/bootstrap/bootstrap.js?body=1" for 127.0.0.1 at 2014-06-03 12:41:43 -0400


Started GET "/assets/bootstrap.js?body=1" for 127.0.0.1 at 2014-06-03 12:41:43 -0400


Started GET "/assets/turbolinks.js?body=1" for 127.0.0.1 at 2014-06-03 12:41:43 -0400


Started GET "/assets/calculation.js?body=1" for 127.0.0.1 at 2014-06-03 12:41:43 -0400


Started GET "/assets/home.js?body=1" for 127.0.0.1 at 2014-06-03 12:41:43 -0400


Started GET "/assets/networks.js?body=1" for 127.0.0.1 at 2014-06-03 12:41:43 -0400


Started GET "/assets/shows.js?body=1" for 127.0.0.1 at 2014-06-03 12:41:43 -0400


Started GET "/assets/application.js?body=1" for 127.0.0.1 at 2014-06-03 12:41:43 -0400


Started GET "/networks" for 127.0.0.1 at 2014-06-03 12:41:54 -0400
Processing by NetworksController#index as HTML
  [1m[35mNetwork Load (0.5ms)[0m  SELECT "networks".* FROM "networks"
  Rendered networks/index.html.erb within layouts/application (2.5ms)
  Rendered layouts/_flash.html.erb (1.9ms)
Completed 200 OK in 17ms (Views: 16.0ms | ActiveRecord: 0.5ms)


Started GET "/networks" for 127.0.0.1 at 2014-06-03 12:45:21 -0400
Processing by NetworksController#index as HTML
  [1m[36mNetwork Load (0.3ms)[0m  [1mSELECT "networks".* FROM "networks"[0m
  Rendered networks/index.html.erb within layouts/application (1.0ms)
  Rendered layouts/_flash.html.erb (0.1ms)
Completed 200 OK in 9ms (Views: 7.7ms | ActiveRecord: 0.3ms)


Started GET "/assets/calculation.css?body=1" for 127.0.0.1 at 2014-06-03 12:45:21 -0400


Started GET "/assets/networks.css?body=1" for 127.0.0.1 at 2014-06-03 12:45:21 -0400


Started GET "/assets/scaffolds.css?body=1" for 127.0.0.1 at 2014-06-03 12:45:21 -0400


Started GET "/assets/application.css?body=1" for 127.0.0.1 at 2014-06-03 12:45:21 -0400


Started GET "/assets/bootstrap.css?body=1" for 127.0.0.1 at 2014-06-03 12:45:21 -0400


Started GET "/assets/home.css?body=1" for 127.0.0.1 at 2014-06-03 12:45:21 -0400


Started GET "/assets/shows.css?body=1" for 127.0.0.1 at 2014-06-03 12:45:21 -0400


Started GET "/assets/jquery/jquery.js?body=1" for 127.0.0.1 at 2014-06-03 12:45:21 -0400


Started GET "/assets/jquery.js?body=1" for 127.0.0.1 at 2014-06-03 12:45:21 -0400


Started GET "/assets/jquery_ujs.js?body=1" for 127.0.0.1 at 2014-06-03 12:45:21 -0400


Started GET "/assets/bootstrap/bootstrap.js?body=1" for 127.0.0.1 at 2014-06-03 12:45:21 -0400


Started GET "/assets/calculation.js?body=1" for 127.0.0.1 at 2014-06-03 12:45:21 -0400


Started GET "/assets/turbolinks.js?body=1" for 127.0.0.1 at 2014-06-03 12:45:21 -0400


Started GET "/assets/bootstrap.js?body=1" for 127.0.0.1 at 2014-06-03 12:45:21 -0400


Started GET "/assets/home.js?body=1" for 127.0.0.1 at 2014-06-03 12:45:21 -0400


Started GET "/assets/networks.js?body=1" for 127.0.0.1 at 2014-06-03 12:45:21 -0400


Started GET "/assets/shows.js?body=1" for 127.0.0.1 at 2014-06-03 12:45:21 -0400


Started GET "/assets/application.js?body=1" for 127.0.0.1 at 2014-06-03 12:45:21 -0400


Started GET "/networks" for 127.0.0.1 at 2014-06-03 12:45:33 -0400
Processing by NetworksController#index as HTML
  [1m[35mNetwork Load (0.4ms)[0m  SELECT "networks".* FROM "networks"
  Rendered networks/index.html.erb within layouts/application (1.0ms)
  Rendered layouts/_flash.html.erb (0.1ms)
Completed 200 OK in 9ms (Views: 7.8ms | ActiveRecord: 0.4ms)


Started GET "/assets/calculation.css?body=1" for 127.0.0.1 at 2014-06-03 12:45:33 -0400


Started GET "/assets/networks.css?body=1" for 127.0.0.1 at 2014-06-03 12:45:33 -0400


Started GET "/assets/home.css?body=1" for 127.0.0.1 at 2014-06-03 12:45:33 -0400


Started GET "/assets/shows.css?body=1" for 127.0.0.1 at 2014-06-03 12:45:33 -0400


Started GET "/assets/bootstrap.css?body=1" for 127.0.0.1 at 2014-06-03 12:45:33 -0400


Started GET "/assets/application.css?body=1" for 127.0.0.1 at 2014-06-03 12:45:33 -0400


Started GET "/assets/scaffolds.css?body=1" for 127.0.0.1 at 2014-06-03 12:45:33 -0400


Started GET "/assets/jquery/jquery.js?body=1" for 127.0.0.1 at 2014-06-03 12:45:33 -0400


Started GET "/assets/jquery.js?body=1" for 127.0.0.1 at 2014-06-03 12:45:33 -0400


Started GET "/assets/jquery_ujs.js?body=1" for 127.0.0.1 at 2014-06-03 12:45:33 -0400


Started GET "/assets/bootstrap/bootstrap.js?body=1" for 127.0.0.1 at 2014-06-03 12:45:33 -0400


Started GET "/assets/bootstrap.js?body=1" for 127.0.0.1 at 2014-06-03 12:45:33 -0400


Started GET "/assets/turbolinks.js?body=1" for 127.0.0.1 at 2014-06-03 12:45:33 -0400


Started GET "/assets/calculation.js?body=1" for 127.0.0.1 at 2014-06-03 12:45:33 -0400


Started GET "/assets/home.js?body=1" for 127.0.0.1 at 2014-06-03 12:45:33 -0400


Started GET "/assets/networks.js?body=1" for 127.0.0.1 at 2014-06-03 12:45:33 -0400


Started GET "/assets/shows.js?body=1" for 127.0.0.1 at 2014-06-03 12:45:33 -0400


Started GET "/assets/application.js?body=1" for 127.0.0.1 at 2014-06-03 12:45:33 -0400


Started GET "/networks" for 127.0.0.1 at 2014-06-03 12:45:44 -0400
Processing by NetworksController#index as HTML
  [1m[36mNetwork Load (0.3ms)[0m  [1mSELECT "networks".* FROM "networks"[0m
  Rendered networks/index.html.erb within layouts/application (1.0ms)
  Rendered layouts/_flash.html.erb (0.1ms)
Completed 200 OK in 10ms (Views: 9.0ms | ActiveRecord: 0.3ms)


Started GET "/assets/calculation.css?body=1" for 127.0.0.1 at 2014-06-03 12:45:44 -0400


Started GET "/assets/shows.css?body=1" for 127.0.0.1 at 2014-06-03 12:45:44 -0400


Started GET "/assets/scaffolds.css?body=1" for 127.0.0.1 at 2014-06-03 12:45:44 -0400


Started GET "/assets/home.css?body=1" for 127.0.0.1 at 2014-06-03 12:45:44 -0400


Started GET "/assets/networks.css?body=1" for 127.0.0.1 at 2014-06-03 12:45:44 -0400


Started GET "/assets/bootstrap.css?body=1" for 127.0.0.1 at 2014-06-03 12:45:44 -0400


Started GET "/assets/jquery/jquery.js?body=1" for 127.0.0.1 at 2014-06-03 12:45:44 -0400


Started GET "/assets/application.css?body=1" for 127.0.0.1 at 2014-06-03 12:45:44 -0400


Started GET "/assets/jquery.js?body=1" for 127.0.0.1 at 2014-06-03 12:45:44 -0400


Started GET "/assets/jquery_ujs.js?body=1" for 127.0.0.1 at 2014-06-03 12:45:44 -0400


Started GET "/assets/bootstrap/bootstrap.js?body=1" for 127.0.0.1 at 2014-06-03 12:45:44 -0400


Started GET "/assets/bootstrap.js?body=1" for 127.0.0.1 at 2014-06-03 12:45:44 -0400


Started GET "/assets/turbolinks.js?body=1" for 127.0.0.1 at 2014-06-03 12:45:44 -0400


Started GET "/assets/calculation.js?body=1" for 127.0.0.1 at 2014-06-03 12:45:44 -0400


Started GET "/assets/home.js?body=1" for 127.0.0.1 at 2014-06-03 12:45:44 -0400


Started GET "/assets/networks.js?body=1" for 127.0.0.1 at 2014-06-03 12:45:44 -0400


Started GET "/assets/shows.js?body=1" for 127.0.0.1 at 2014-06-03 12:45:44 -0400


Started GET "/assets/application.js?body=1" for 127.0.0.1 at 2014-06-03 12:45:44 -0400


Started GET "/" for 127.0.0.1 at 2014-06-03 12:45:46 -0400
Processing by HomeController#index as HTML
  Rendered home/index.html.erb within layouts/application (0.6ms)
  Rendered layouts/_flash.html.erb (0.1ms)
Completed 200 OK in 9ms (Views: 8.4ms | ActiveRecord: 0.0ms)


Started GET "/networks" for 127.0.0.1 at 2014-06-03 12:45:59 -0400
Processing by NetworksController#index as HTML
  [1m[35mNetwork Load (0.4ms)[0m  SELECT "networks".* FROM "networks"
  Rendered networks/index.html.erb within layouts/application (1.3ms)
  Rendered layouts/_flash.html.erb (0.1ms)
Completed 200 OK in 11ms (Views: 10.0ms | ActiveRecord: 0.4ms)


Started GET "/assets/calculation.css?body=1" for 127.0.0.1 at 2014-06-03 12:45:59 -0400


Started GET "/assets/application.css?body=1" for 127.0.0.1 at 2014-06-03 12:45:59 -0400


Started GET "/assets/scaffolds.css?body=1" for 127.0.0.1 at 2014-06-03 12:45:59 -0400


Started GET "/assets/networks.css?body=1" for 127.0.0.1 at 2014-06-03 12:45:59 -0400


Started GET "/assets/shows.css?body=1" for 127.0.0.1 at 2014-06-03 12:45:59 -0400


Started GET "/assets/home.css?body=1" for 127.0.0.1 at 2014-06-03 12:45:59 -0400


Started GET "/assets/bootstrap.css?body=1" for 127.0.0.1 at 2014-06-03 12:45:59 -0400


Started GET "/assets/jquery/jquery.js?body=1" for 127.0.0.1 at 2014-06-03 12:45:59 -0400


Started GET "/assets/jquery.js?body=1" for 127.0.0.1 at 2014-06-03 12:45:59 -0400


Started GET "/assets/jquery_ujs.js?body=1" for 127.0.0.1 at 2014-06-03 12:45:59 -0400


Started GET "/assets/bootstrap/bootstrap.js?body=1" for 127.0.0.1 at 2014-06-03 12:45:59 -0400


Started GET "/assets/bootstrap.js?body=1" for 127.0.0.1 at 2014-06-03 12:45:59 -0400


Started GET "/assets/turbolinks.js?body=1" for 127.0.0.1 at 2014-06-03 12:45:59 -0400


Started GET "/assets/calculation.js?body=1" for 127.0.0.1 at 2014-06-03 12:45:59 -0400


Started GET "/assets/home.js?body=1" for 127.0.0.1 at 2014-06-03 12:45:59 -0400


Started GET "/assets/networks.js?body=1" for 127.0.0.1 at 2014-06-03 12:45:59 -0400


Started GET "/assets/shows.js?body=1" for 127.0.0.1 at 2014-06-03 12:45:59 -0400


Started GET "/assets/application.js?body=1" for 127.0.0.1 at 2014-06-03 12:45:59 -0400


Started GET "/networks" for 127.0.0.1 at 2014-06-03 12:46:38 -0400
Processing by NetworksController#index as HTML
  [1m[36mNetwork Load (0.4ms)[0m  [1mSELECT "networks".* FROM "networks"[0m
  Rendered networks/index.html.erb within layouts/application (1.2ms)
  Rendered layouts/_flash.html.erb (0.1ms)
Completed 200 OK in 11ms (Views: 10.3ms | ActiveRecord: 0.4ms)


Started GET "/assets/calculation.css?body=1" for 127.0.0.1 at 2014-06-03 12:46:38 -0400


Started GET "/assets/home.css?body=1" for 127.0.0.1 at 2014-06-03 12:46:38 -0400


Started GET "/assets/scaffolds.css?body=1" for 127.0.0.1 at 2014-06-03 12:46:38 -0400


Started GET "/assets/networks.css?body=1" for 127.0.0.1 at 2014-06-03 12:46:38 -0400


Started GET "/assets/application.css?body=1" for 127.0.0.1 at 2014-06-03 12:46:38 -0400


Started GET "/assets/shows.css?body=1" for 127.0.0.1 at 2014-06-03 12:46:38 -0400


Started GET "/assets/jquery/jquery.js?body=1" for 127.0.0.1 at 2014-06-03 12:46:38 -0400


Started GET "/assets/bootstrap.css?body=1" for 127.0.0.1 at 2014-06-03 12:46:38 -0400


Started GET "/assets/jquery.js?body=1" for 127.0.0.1 at 2014-06-03 12:46:38 -0400


Started GET "/assets/jquery_ujs.js?body=1" for 127.0.0.1 at 2014-06-03 12:46:38 -0400


Started GET "/assets/bootstrap/bootstrap.js?body=1" for 127.0.0.1 at 2014-06-03 12:46:38 -0400


Started GET "/assets/bootstrap.js?body=1" for 127.0.0.1 at 2014-06-03 12:46:38 -0400


Started GET "/assets/turbolinks.js?body=1" for 127.0.0.1 at 2014-06-03 12:46:38 -0400


Started GET "/assets/home.js?body=1" for 127.0.0.1 at 2014-06-03 12:46:38 -0400


Started GET "/assets/calculation.js?body=1" for 127.0.0.1 at 2014-06-03 12:46:38 -0400


Started GET "/assets/networks.js?body=1" for 127.0.0.1 at 2014-06-03 12:46:38 -0400


Started GET "/assets/shows.js?body=1" for 127.0.0.1 at 2014-06-03 12:46:38 -0400


Started GET "/assets/application.js?body=1" for 127.0.0.1 at 2014-06-03 12:46:38 -0400


Started GET "/networks" for 127.0.0.1 at 2014-06-03 12:46:49 -0400
Processing by NetworksController#index as HTML
  [1m[35mNetwork Load (0.3ms)[0m  SELECT "networks".* FROM "networks"
  Rendered networks/index.html.erb within layouts/application (1.1ms)
  Rendered layouts/_flash.html.erb (0.1ms)
Completed 200 OK in 10ms (Views: 9.4ms | ActiveRecord: 0.3ms)


Started GET "/assets/calculation.css?body=1" for 127.0.0.1 at 2014-06-03 12:46:49 -0400


Started GET "/assets/home.css?body=1" for 127.0.0.1 at 2014-06-03 12:46:49 -0400


Started GET "/assets/networks.css?body=1" for 127.0.0.1 at 2014-06-03 12:46:49 -0400


Started GET "/assets/shows.css?body=1" for 127.0.0.1 at 2014-06-03 12:46:49 -0400


Started GET "/assets/application.css?body=1" for 127.0.0.1 at 2014-06-03 12:46:49 -0400


Started GET "/assets/scaffolds.css?body=1" for 127.0.0.1 at 2014-06-03 12:46:49 -0400


Started GET "/assets/jquery.js?body=1" for 127.0.0.1 at 2014-06-03 12:46:49 -0400


Started GET "/assets/jquery/jquery.js?body=1" for 127.0.0.1 at 2014-06-03 12:46:49 -0400


Started GET "/assets/bootstrap/bootstrap.js?body=1" for 127.0.0.1 at 2014-06-03 12:46:49 -0400


Started GET "/assets/jquery_ujs.js?body=1" for 127.0.0.1 at 2014-06-03 12:46:49 -0400


Started GET "/assets/bootstrap.css?body=1" for 127.0.0.1 at 2014-06-03 12:46:49 -0400


Started GET "/assets/bootstrap.js?body=1" for 127.0.0.1 at 2014-06-03 12:46:49 -0400


Started GET "/assets/turbolinks.js?body=1" for 127.0.0.1 at 2014-06-03 12:46:49 -0400


Started GET "/assets/calculation.js?body=1" for 127.0.0.1 at 2014-06-03 12:46:49 -0400


Started GET "/assets/home.js?body=1" for 127.0.0.1 at 2014-06-03 12:46:49 -0400


Started GET "/assets/networks.js?body=1" for 127.0.0.1 at 2014-06-03 12:46:49 -0400


Started GET "/assets/shows.js?body=1" for 127.0.0.1 at 2014-06-03 12:46:49 -0400


Started GET "/assets/application.js?body=1" for 127.0.0.1 at 2014-06-03 12:46:49 -0400


Started GET "/shows?utf8=%E2%9C%93" for 127.0.0.1 at 2014-06-03 12:46:53 -0400
Processing by ShowsController#index as HTML
  Parameters: {"utf8"=>"✓"}
  [1m[36mShow Load (0.4ms)[0m  [1mSELECT "shows".* FROM "shows"[0m
  Rendered shows/index.html.erb within layouts/application (1.2ms)
  Rendered layouts/_flash.html.erb (0.2ms)
Completed 200 OK in 12ms (Views: 10.6ms | ActiveRecord: 0.4ms)


Started GET "/assets/calculation.css?body=1" for 127.0.0.1 at 2014-06-03 12:46:53 -0400


Started GET "/assets/home.css?body=1" for 127.0.0.1 at 2014-06-03 12:46:53 -0400


Started GET "/assets/application.css?body=1" for 127.0.0.1 at 2014-06-03 12:46:53 -0400


Started GET "/assets/networks.css?body=1" for 127.0.0.1 at 2014-06-03 12:46:53 -0400


Started GET "/assets/shows.css?body=1" for 127.0.0.1 at 2014-06-03 12:46:53 -0400


Started GET "/assets/scaffolds.css?body=1" for 127.0.0.1 at 2014-06-03 12:46:53 -0400


Started GET "/assets/bootstrap.css?body=1" for 127.0.0.1 at 2014-06-03 12:46:53 -0400


Started GET "/assets/jquery/jquery.js?body=1" for 127.0.0.1 at 2014-06-03 12:46:53 -0400


Started GET "/assets/jquery.js?body=1" for 127.0.0.1 at 2014-06-03 12:46:53 -0400


Started GET "/assets/jquery_ujs.js?body=1" for 127.0.0.1 at 2014-06-03 12:46:53 -0400


Started GET "/assets/bootstrap.js?body=1" for 127.0.0.1 at 2014-06-03 12:46:53 -0400


Started GET "/assets/bootstrap/bootstrap.js?body=1" for 127.0.0.1 at 2014-06-03 12:46:53 -0400


Started GET "/assets/turbolinks.js?body=1" for 127.0.0.1 at 2014-06-03 12:46:53 -0400


Started GET "/assets/calculation.js?body=1" for 127.0.0.1 at 2014-06-03 12:46:53 -0400


Started GET "/assets/home.js?body=1" for 127.0.0.1 at 2014-06-03 12:46:53 -0400


Started GET "/assets/networks.js?body=1" for 127.0.0.1 at 2014-06-03 12:46:53 -0400


Started GET "/assets/shows.js?body=1" for 127.0.0.1 at 2014-06-03 12:46:53 -0400


Started GET "/assets/application.js?body=1" for 127.0.0.1 at 2014-06-03 12:46:53 -0400


Started GET "/about" for 127.0.0.1 at 2014-06-03 12:46:58 -0400
Processing by HomeController#about as HTML
  Rendered home/about.html.erb within layouts/application (0.7ms)
  Rendered layouts/_flash.html.erb (0.1ms)
Completed 200 OK in 18ms (Views: 17.4ms | ActiveRecord: 0.0ms)


Started GET "/contact" for 127.0.0.1 at 2014-06-03 12:47:10 -0400
Processing by HomeController#contact as HTML
  Rendered home/contact.html.erb within layouts/application (0.6ms)
  Rendered layouts/_flash.html.erb (0.1ms)
Completed 200 OK in 14ms (Views: 13.5ms | ActiveRecord: 0.0ms)


Started GET "/" for 127.0.0.1 at 2014-06-03 12:47:37 -0400
Processing by HomeController#index as HTML
  Rendered home/index.html.erb within layouts/application (0.2ms)
  Rendered layouts/_flash.html.erb (0.1ms)
Completed 200 OK in 8ms (Views: 7.8ms | ActiveRecord: 0.0ms)


Started GET "/assets/calculation.css?body=1" for 127.0.0.1 at 2014-06-03 12:47:37 -0400


Started GET "/assets/shows.css?body=1" for 127.0.0.1 at 2014-06-03 12:47:37 -0400


Started GET "/assets/home.css?body=1" for 127.0.0.1 at 2014-06-03 12:47:37 -0400


Started GET "/assets/application.css?body=1" for 127.0.0.1 at 2014-06-03 12:47:37 -0400


Started GET "/assets/scaffolds.css?body=1" for 127.0.0.1 at 2014-06-03 12:47:37 -0400


Started GET "/assets/bootstrap.css?body=1" for 127.0.0.1 at 2014-06-03 12:47:37 -0400


Started GET "/assets/networks.css?body=1" for 127.0.0.1 at 2014-06-03 12:47:37 -0400


Started GET "/assets/jquery/jquery.js?body=1" for 127.0.0.1 at 2014-06-03 12:47:37 -0400


Started GET "/assets/jquery.js?body=1" for 127.0.0.1 at 2014-06-03 12:47:37 -0400


Started GET "/assets/jquery_ujs.js?body=1" for 127.0.0.1 at 2014-06-03 12:47:37 -0400


Started GET "/assets/bootstrap/bootstrap.js?body=1" for 127.0.0.1 at 2014-06-03 12:47:37 -0400


Started GET "/assets/bootstrap.js?body=1" for 127.0.0.1 at 2014-06-03 12:47:37 -0400


Started GET "/assets/turbolinks.js?body=1" for 127.0.0.1 at 2014-06-03 12:47:37 -0400


Started GET "/assets/calculation.js?body=1" for 127.0.0.1 at 2014-06-03 12:47:37 -0400


Started GET "/assets/home.js?body=1" for 127.0.0.1 at 2014-06-03 12:47:37 -0400


Started GET "/assets/networks.js?body=1" for 127.0.0.1 at 2014-06-03 12:47:37 -0400


Started GET "/assets/shows.js?body=1" for 127.0.0.1 at 2014-06-03 12:47:37 -0400


Started GET "/assets/application.js?body=1" for 127.0.0.1 at 2014-06-03 12:47:37 -0400


Started GET "/networks" for 127.0.0.1 at 2014-06-03 12:47:39 -0400
Processing by NetworksController#index as HTML
  [1m[35mNetwork Load (0.4ms)[0m  SELECT "networks".* FROM "networks"
  Rendered networks/index.html.erb within layouts/application (2.0ms)
  Rendered layouts/_flash.html.erb (0.1ms)
Completed 200 OK in 16ms (Views: 14.5ms | ActiveRecord: 0.4ms)
